\BOOKMARK [0][-]{chapter.1}{\376\377\0001\000\040\000N\000a\000m\000e\000s\000p\000a\000c\000e\000\040\000I\000n\000d\000e\000x}{}% 1
\BOOKMARK [1][-]{section.1.1}{\376\377\0001\000.\0001\000\040\000N\000a\000m\000e\000s\000p\000a\000c\000e\000\040\000L\000i\000s\000t}{chapter.1}% 2
\BOOKMARK [0][-]{chapter.2}{\376\377\0002\000\040\000H\000i\000e\000r\000a\000r\000c\000h\000i\000c\000a\000l\000\040\000I\000n\000d\000e\000x}{}% 3
\BOOKMARK [1][-]{section.2.1}{\376\377\0002\000.\0001\000\040\000C\000l\000a\000s\000s\000\040\000H\000i\000e\000r\000a\000r\000c\000h\000y}{chapter.2}% 4
\BOOKMARK [0][-]{chapter.3}{\376\377\0003\000\040\000C\000l\000a\000s\000s\000\040\000I\000n\000d\000e\000x}{}% 5
\BOOKMARK [1][-]{section.3.1}{\376\377\0003\000.\0001\000\040\000C\000l\000a\000s\000s\000\040\000L\000i\000s\000t}{chapter.3}% 6
\BOOKMARK [0][-]{chapter.4}{\376\377\0004\000\040\000F\000i\000l\000e\000\040\000I\000n\000d\000e\000x}{}% 7
\BOOKMARK [1][-]{section.4.1}{\376\377\0004\000.\0001\000\040\000F\000i\000l\000e\000\040\000L\000i\000s\000t}{chapter.4}% 8
\BOOKMARK [0][-]{chapter.5}{\376\377\0005\000\040\000N\000a\000m\000e\000s\000p\000a\000c\000e\000\040\000D\000o\000c\000u\000m\000e\000n\000t\000a\000t\000i\000o\000n}{}% 9
\BOOKMARK [1][-]{section.5.1}{\376\377\0005\000.\0001\000\040\000T\000a\000s\000k\000M\000a\000n\000a\000g\000e\000r\000\040\000N\000a\000m\000e\000s\000p\000a\000c\000e\000\040\000R\000e\000f\000e\000r\000e\000n\000c\000e}{chapter.5}% 10
\BOOKMARK [2][-]{subsection.5.1.1}{\376\377\0005\000.\0001\000.\0001\000\040\000F\000u\000n\000c\000t\000i\000o\000n\000\040\000D\000o\000c\000u\000m\000e\000n\000t\000a\000t\000i\000o\000n}{section.5.1}% 11
\BOOKMARK [3][-]{subsubsection.5.1.1.1}{\376\377\0005\000.\0001\000.\0001\000.\0001\000\040\000c\000r\000e\000a\000t\000e\000T\000a\000s\000k\000\050\000\051}{subsection.5.1.1}% 12
\BOOKMARK [3][-]{subsubsection.5.1.1.2}{\376\377\0005\000.\0001\000.\0001\000.\0002\000\040\000d\000e\000l\000e\000t\000e\000T\000a\000s\000k\000\050\000\051}{subsection.5.1.1}% 13
\BOOKMARK [3][-]{subsubsection.5.1.1.3}{\376\377\0005\000.\0001\000.\0001\000.\0003\000\040\000g\000e\000t\000T\000a\000s\000k\000\050\000\051}{subsection.5.1.1}% 14
\BOOKMARK [3][-]{subsubsection.5.1.1.4}{\376\377\0005\000.\0001\000.\0001\000.\0004\000\040\000g\000e\000t\000T\000a\000s\000k\000s\000F\000o\000r\000T\000e\000a\000m\000\050\000\051}{subsection.5.1.1}% 15
\BOOKMARK [3][-]{subsubsection.5.1.1.5}{\376\377\0005\000.\0001\000.\0001\000.\0005\000\040\000g\000e\000t\000T\000a\000s\000k\000s\000F\000o\000r\000U\000s\000e\000r\000\050\000\051}{subsection.5.1.1}% 16
\BOOKMARK [3][-]{subsubsection.5.1.1.6}{\376\377\0005\000.\0001\000.\0001\000.\0006\000\040\000u\000p\000d\000a\000t\000e\000T\000a\000s\000k\000\050\000\051}{subsection.5.1.1}% 17
\BOOKMARK [1][-]{section.5.2}{\376\377\0005\000.\0002\000\040\000T\000e\000a\000m\000M\000a\000n\000a\000g\000e\000r\000\040\000N\000a\000m\000e\000s\000p\000a\000c\000e\000\040\000R\000e\000f\000e\000r\000e\000n\000c\000e}{chapter.5}% 18
\BOOKMARK [2][-]{subsection.5.2.1}{\376\377\0005\000.\0002\000.\0001\000\040\000F\000u\000n\000c\000t\000i\000o\000n\000\040\000D\000o\000c\000u\000m\000e\000n\000t\000a\000t\000i\000o\000n}{section.5.2}% 19
\BOOKMARK [3][-]{subsubsection.5.2.1.1}{\376\377\0005\000.\0002\000.\0001\000.\0001\000\040\000c\000r\000e\000a\000t\000e\000T\000e\000a\000m\000\050\000\051}{subsection.5.2.1}% 20
\BOOKMARK [3][-]{subsubsection.5.2.1.2}{\376\377\0005\000.\0002\000.\0001\000.\0002\000\040\000d\000e\000l\000e\000t\000e\000T\000e\000a\000m\000\050\000\051\000\040\000[\0001\000/\0002\000]}{subsection.5.2.1}% 21
\BOOKMARK [3][-]{subsubsection.5.2.1.3}{\376\377\0005\000.\0002\000.\0001\000.\0003\000\040\000d\000e\000l\000e\000t\000e\000T\000e\000a\000m\000\050\000\051\000\040\000[\0002\000/\0002\000]}{subsection.5.2.1}% 22
\BOOKMARK [3][-]{subsubsection.5.2.1.4}{\376\377\0005\000.\0002\000.\0001\000.\0004\000\040\000g\000e\000t\000A\000l\000l\000T\000e\000a\000m\000s\000\050\000\051}{subsection.5.2.1}% 23
\BOOKMARK [3][-]{subsubsection.5.2.1.5}{\376\377\0005\000.\0002\000.\0001\000.\0005\000\040\000g\000e\000t\000T\000e\000a\000m\000\050\000\051\000\040\000[\0001\000/\0002\000]}{subsection.5.2.1}% 24
\BOOKMARK [3][-]{subsubsection.5.2.1.6}{\376\377\0005\000.\0002\000.\0001\000.\0006\000\040\000g\000e\000t\000T\000e\000a\000m\000\050\000\051\000\040\000[\0002\000/\0002\000]}{subsection.5.2.1}% 25
\BOOKMARK [3][-]{subsubsection.5.2.1.7}{\376\377\0005\000.\0002\000.\0001\000.\0007\000\040\000g\000e\000t\000T\000e\000a\000m\000F\000o\000r\000U\000s\000e\000r\000\050\000\051}{subsection.5.2.1}% 26
\BOOKMARK [3][-]{subsubsection.5.2.1.8}{\376\377\0005\000.\0002\000.\0001\000.\0008\000\040\000g\000e\000t\000T\000e\000a\000m\000s\000F\000o\000r\000U\000s\000e\000r\000\050\000\051}{subsection.5.2.1}% 27
\BOOKMARK [3][-]{subsubsection.5.2.1.9}{\376\377\0005\000.\0002\000.\0001\000.\0009\000\040\000u\000p\000d\000a\000t\000e\000T\000e\000a\000m\000\050\000\051}{subsection.5.2.1}% 28
\BOOKMARK [1][-]{section.5.3}{\376\377\0005\000.\0003\000\040\000U\000i\000\040\000N\000a\000m\000e\000s\000p\000a\000c\000e\000\040\000R\000e\000f\000e\000r\000e\000n\000c\000e}{chapter.5}% 29
\BOOKMARK [1][-]{section.5.4}{\376\377\0005\000.\0004\000\040\000U\000s\000e\000r\000M\000a\000n\000a\000g\000e\000r\000\040\000N\000a\000m\000e\000s\000p\000a\000c\000e\000\040\000R\000e\000f\000e\000r\000e\000n\000c\000e}{chapter.5}% 30
\BOOKMARK [2][-]{subsection.5.4.1}{\376\377\0005\000.\0004\000.\0001\000\040\000F\000u\000n\000c\000t\000i\000o\000n\000\040\000D\000o\000c\000u\000m\000e\000n\000t\000a\000t\000i\000o\000n}{section.5.4}% 31
\BOOKMARK [3][-]{subsubsection.5.4.1.1}{\376\377\0005\000.\0004\000.\0001\000.\0001\000\040\000c\000r\000e\000a\000t\000e\000U\000s\000e\000r\000\050\000\051}{subsection.5.4.1}% 32
\BOOKMARK [3][-]{subsubsection.5.4.1.2}{\376\377\0005\000.\0004\000.\0001\000.\0002\000\040\000d\000e\000l\000e\000t\000e\000U\000s\000e\000r\000\050\000\051\000\040\000[\0001\000/\0002\000]}{subsection.5.4.1}% 33
\BOOKMARK [3][-]{subsubsection.5.4.1.3}{\376\377\0005\000.\0004\000.\0001\000.\0003\000\040\000d\000e\000l\000e\000t\000e\000U\000s\000e\000r\000\050\000\051\000\040\000[\0002\000/\0002\000]}{subsection.5.4.1}% 34
\BOOKMARK [3][-]{subsubsection.5.4.1.4}{\376\377\0005\000.\0004\000.\0001\000.\0004\000\040\000g\000e\000t\000A\000l\000l\000U\000s\000e\000r\000s\000\050\000\051}{subsection.5.4.1}% 35
\BOOKMARK [3][-]{subsubsection.5.4.1.5}{\376\377\0005\000.\0004\000.\0001\000.\0005\000\040\000g\000e\000t\000U\000s\000e\000r\000\050\000\051\000\040\000[\0001\000/\0002\000]}{subsection.5.4.1}% 36
\BOOKMARK [3][-]{subsubsection.5.4.1.6}{\376\377\0005\000.\0004\000.\0001\000.\0006\000\040\000g\000e\000t\000U\000s\000e\000r\000\050\000\051\000\040\000[\0002\000/\0002\000]}{subsection.5.4.1}% 37
\BOOKMARK [3][-]{subsubsection.5.4.1.7}{\376\377\0005\000.\0004\000.\0001\000.\0007\000\040\000u\000p\000d\000a\000t\000e\000U\000s\000e\000r\000\050\000\051}{subsection.5.4.1}% 38
\BOOKMARK [0][-]{chapter.6}{\376\377\0006\000\040\000C\000l\000a\000s\000s\000\040\000D\000o\000c\000u\000m\000e\000n\000t\000a\000t\000i\000o\000n}{}% 39
\BOOKMARK [1][-]{section.6.1}{\376\377\0006\000.\0001\000\040\000C\000r\000e\000a\000t\000e\000U\000s\000e\000r\000\040\000C\000l\000a\000s\000s\000\040\000R\000e\000f\000e\000r\000e\000n\000c\000e}{chapter.6}% 40
\BOOKMARK [2][-]{subsection.6.1.1}{\376\377\0006\000.\0001\000.\0001\000\040\000C\000o\000n\000s\000t\000r\000u\000c\000t\000o\000r\000\040\000\046\000\040\000D\000e\000s\000t\000r\000u\000c\000t\000o\000r\000\040\000D\000o\000c\000u\000m\000e\000n\000t\000a\000t\000i\000o\000n}{section.6.1}% 41
\BOOKMARK [3][-]{subsubsection.6.1.1.1}{\376\377\0006\000.\0001\000.\0001\000.\0001\000\040\000C\000r\000e\000a\000t\000e\000U\000s\000e\000r\000\050\000\051}{subsection.6.1.1}% 42
\BOOKMARK [3][-]{subsubsection.6.1.1.2}{\376\377\0006\000.\0001\000.\0001\000.\0002\000\040\000~\000C\000r\000e\000a\000t\000e\000U\000s\000e\000r\000\050\000\051}{subsection.6.1.1}% 43
\BOOKMARK [1][-]{section.6.2}{\376\377\0006\000.\0002\000\040\000M\000a\000i\000n\000T\000a\000s\000k\000s\000\040\000C\000l\000a\000s\000s\000\040\000R\000e\000f\000e\000r\000e\000n\000c\000e}{chapter.6}% 44
\BOOKMARK [2][-]{subsection.6.2.1}{\376\377\0006\000.\0002\000.\0001\000\040\000C\000o\000n\000s\000t\000r\000u\000c\000t\000o\000r\000\040\000\046\000\040\000D\000e\000s\000t\000r\000u\000c\000t\000o\000r\000\040\000D\000o\000c\000u\000m\000e\000n\000t\000a\000t\000i\000o\000n}{section.6.2}% 45
\BOOKMARK [3][-]{subsubsection.6.2.1.1}{\376\377\0006\000.\0002\000.\0001\000.\0001\000\040\000M\000a\000i\000n\000T\000a\000s\000k\000s\000\050\000\051}{subsection.6.2.1}% 46
\BOOKMARK [3][-]{subsubsection.6.2.1.2}{\376\377\0006\000.\0002\000.\0001\000.\0002\000\040\000~\000M\000a\000i\000n\000T\000a\000s\000k\000s\000\050\000\051}{subsection.6.2.1}% 47
\BOOKMARK [2][-]{subsection.6.2.2}{\376\377\0006\000.\0002\000.\0002\000\040\000M\000e\000m\000b\000e\000r\000\040\000F\000u\000n\000c\000t\000i\000o\000n\000\040\000D\000o\000c\000u\000m\000e\000n\000t\000a\000t\000i\000o\000n}{section.6.2}% 48
\BOOKMARK [3][-]{subsubsection.6.2.2.1}{\376\377\0006\000.\0002\000.\0002\000.\0001\000\040\000r\000e\000s\000i\000z\000e\000E\000v\000e\000n\000t\000\050\000\051}{subsection.6.2.2}% 49
\BOOKMARK [3][-]{subsubsection.6.2.2.2}{\376\377\0006\000.\0002\000.\0002\000.\0002\000\040\000s\000h\000o\000w\000E\000v\000e\000n\000t\000\050\000\051}{subsection.6.2.2}% 50
\BOOKMARK [1][-]{section.6.3}{\376\377\0006\000.\0003\000\040\000M\000a\000i\000n\000W\000i\000n\000d\000o\000w\000\040\000C\000l\000a\000s\000s\000\040\000R\000e\000f\000e\000r\000e\000n\000c\000e}{chapter.6}% 51
\BOOKMARK [2][-]{subsection.6.3.1}{\376\377\0006\000.\0003\000.\0001\000\040\000C\000o\000n\000s\000t\000r\000u\000c\000t\000o\000r\000\040\000\046\000\040\000D\000e\000s\000t\000r\000u\000c\000t\000o\000r\000\040\000D\000o\000c\000u\000m\000e\000n\000t\000a\000t\000i\000o\000n}{section.6.3}% 52
\BOOKMARK [3][-]{subsubsection.6.3.1.1}{\376\377\0006\000.\0003\000.\0001\000.\0001\000\040\000M\000a\000i\000n\000W\000i\000n\000d\000o\000w\000\050\000\051}{subsection.6.3.1}% 53
\BOOKMARK [3][-]{subsubsection.6.3.1.2}{\376\377\0006\000.\0003\000.\0001\000.\0002\000\040\000~\000M\000a\000i\000n\000W\000i\000n\000d\000o\000w\000\050\000\051}{subsection.6.3.1}% 54
\BOOKMARK [2][-]{subsection.6.3.2}{\376\377\0006\000.\0003\000.\0002\000\040\000M\000e\000m\000b\000e\000r\000\040\000D\000a\000t\000a\000\040\000D\000o\000c\000u\000m\000e\000n\000t\000a\000t\000i\000o\000n}{section.6.3}% 55
\BOOKMARK [3][-]{subsubsection.6.3.2.1}{\376\377\0006\000.\0003\000.\0002\000.\0001\000\040\000c\000u\000r\000r\000e\000n\000t\000U\000s\000e\000r}{subsection.6.3.2}% 56
\BOOKMARK [1][-]{section.6.4}{\376\377\0006\000.\0004\000\040\000T\000a\000s\000k\000\040\000C\000l\000a\000s\000s\000\040\000R\000e\000f\000e\000r\000e\000n\000c\000e}{chapter.6}% 57
\BOOKMARK [2][-]{subsection.6.4.1}{\376\377\0006\000.\0004\000.\0001\000\040\000C\000o\000n\000s\000t\000r\000u\000c\000t\000o\000r\000\040\000\046\000\040\000D\000e\000s\000t\000r\000u\000c\000t\000o\000r\000\040\000D\000o\000c\000u\000m\000e\000n\000t\000a\000t\000i\000o\000n}{section.6.4}% 58
\BOOKMARK [3][-]{subsubsection.6.4.1.1}{\376\377\0006\000.\0004\000.\0001\000.\0001\000\040\000T\000a\000s\000k\000\050\000\051\000\040\000[\0001\000/\0004\000]}{subsection.6.4.1}% 59
\BOOKMARK [3][-]{subsubsection.6.4.1.2}{\376\377\0006\000.\0004\000.\0001\000.\0002\000\040\000T\000a\000s\000k\000\050\000\051\000\040\000[\0002\000/\0004\000]}{subsection.6.4.1}% 60
\BOOKMARK [3][-]{subsubsection.6.4.1.3}{\376\377\0006\000.\0004\000.\0001\000.\0003\000\040\000T\000a\000s\000k\000\050\000\051\000\040\000[\0003\000/\0004\000]}{subsection.6.4.1}% 61
\BOOKMARK [3][-]{subsubsection.6.4.1.4}{\376\377\0006\000.\0004\000.\0001\000.\0004\000\040\000T\000a\000s\000k\000\050\000\051\000\040\000[\0004\000/\0004\000]}{subsection.6.4.1}% 62
\BOOKMARK [2][-]{subsection.6.4.2}{\376\377\0006\000.\0004\000.\0002\000\040\000M\000e\000m\000b\000e\000r\000\040\000F\000u\000n\000c\000t\000i\000o\000n\000\040\000D\000o\000c\000u\000m\000e\000n\000t\000a\000t\000i\000o\000n}{section.6.4}% 63
\BOOKMARK [3][-]{subsubsection.6.4.2.1}{\376\377\0006\000.\0004\000.\0002\000.\0001\000\040\000g\000e\000t\000D\000e\000a\000d\000l\000i\000n\000e\000\050\000\051}{subsection.6.4.2}% 64
\BOOKMARK [3][-]{subsubsection.6.4.2.2}{\376\377\0006\000.\0004\000.\0002\000.\0002\000\040\000g\000e\000t\000D\000e\000s\000c\000r\000i\000p\000t\000i\000o\000n\000\050\000\051}{subsection.6.4.2}% 65
\BOOKMARK [3][-]{subsubsection.6.4.2.3}{\376\377\0006\000.\0004\000.\0002\000.\0003\000\040\000g\000e\000t\000I\000d\000\050\000\051}{subsection.6.4.2}% 66
\BOOKMARK [3][-]{subsubsection.6.4.2.4}{\376\377\0006\000.\0004\000.\0002\000.\0004\000\040\000g\000e\000t\000N\000a\000m\000e\000\050\000\051}{subsection.6.4.2}% 67
\BOOKMARK [3][-]{subsubsection.6.4.2.5}{\376\377\0006\000.\0004\000.\0002\000.\0005\000\040\000g\000e\000t\000P\000r\000i\000o\000r\000i\000t\000y\000\050\000\051}{subsection.6.4.2}% 68
\BOOKMARK [3][-]{subsubsection.6.4.2.6}{\376\377\0006\000.\0004\000.\0002\000.\0006\000\040\000g\000e\000t\000S\000t\000a\000t\000u\000s\000\050\000\051}{subsection.6.4.2}% 69
\BOOKMARK [3][-]{subsubsection.6.4.2.7}{\376\377\0006\000.\0004\000.\0002\000.\0007\000\040\000g\000e\000t\000S\000t\000a\000t\000u\000s\000A\000s\000I\000n\000t\000\050\000\051}{subsection.6.4.2}% 70
\BOOKMARK [3][-]{subsubsection.6.4.2.8}{\376\377\0006\000.\0004\000.\0002\000.\0008\000\040\000g\000e\000t\000T\000e\000a\000m\000I\000d\000\050\000\051}{subsection.6.4.2}% 71
\BOOKMARK [3][-]{subsubsection.6.4.2.9}{\376\377\0006\000.\0004\000.\0002\000.\0009\000\040\000g\000e\000t\000U\000s\000e\000r\000I\000d\000\050\000\051}{subsection.6.4.2}% 72
\BOOKMARK [3][-]{subsubsection.6.4.2.10}{\376\377\0006\000.\0004\000.\0002\000.\0001\0000\000\040\000s\000e\000t\000D\000e\000a\000d\000l\000i\000n\000e\000\050\000\051}{subsection.6.4.2}% 73
\BOOKMARK [3][-]{subsubsection.6.4.2.11}{\376\377\0006\000.\0004\000.\0002\000.\0001\0001\000\040\000s\000e\000t\000D\000e\000s\000c\000r\000i\000p\000t\000i\000o\000n\000\050\000\051}{subsection.6.4.2}% 74
\BOOKMARK [3][-]{subsubsection.6.4.2.12}{\376\377\0006\000.\0004\000.\0002\000.\0001\0002\000\040\000s\000e\000t\000I\000d\000\050\000\051}{subsection.6.4.2}% 75
\BOOKMARK [3][-]{subsubsection.6.4.2.13}{\376\377\0006\000.\0004\000.\0002\000.\0001\0003\000\040\000s\000e\000t\000N\000a\000m\000e\000\050\000\051}{subsection.6.4.2}% 76
\BOOKMARK [3][-]{subsubsection.6.4.2.14}{\376\377\0006\000.\0004\000.\0002\000.\0001\0004\000\040\000s\000e\000t\000P\000r\000i\000o\000r\000i\000t\000y\000\050\000\051}{subsection.6.4.2}% 77
\BOOKMARK [3][-]{subsubsection.6.4.2.15}{\376\377\0006\000.\0004\000.\0002\000.\0001\0005\000\040\000s\000e\000t\000S\000t\000a\000t\000u\000s\000\050\000\051\000\040\000[\0001\000/\0002\000]}{subsection.6.4.2}% 78
\BOOKMARK [3][-]{subsubsection.6.4.2.16}{\376\377\0006\000.\0004\000.\0002\000.\0001\0006\000\040\000s\000e\000t\000S\000t\000a\000t\000u\000s\000\050\000\051\000\040\000[\0002\000/\0002\000]}{subsection.6.4.2}% 79
\BOOKMARK [3][-]{subsubsection.6.4.2.17}{\376\377\0006\000.\0004\000.\0002\000.\0001\0007\000\040\000s\000e\000t\000T\000e\000a\000m\000I\000d\000\050\000\051}{subsection.6.4.2}% 80
\BOOKMARK [3][-]{subsubsection.6.4.2.18}{\376\377\0006\000.\0004\000.\0002\000.\0001\0008\000\040\000s\000e\000t\000U\000s\000e\000r\000I\000d\000\050\000\051}{subsection.6.4.2}% 81
\BOOKMARK [1][-]{section.6.5}{\376\377\0006\000.\0005\000\040\000T\000e\000a\000m\000\040\000C\000l\000a\000s\000s\000\040\000R\000e\000f\000e\000r\000e\000n\000c\000e}{chapter.6}% 82
\BOOKMARK [2][-]{subsection.6.5.1}{\376\377\0006\000.\0005\000.\0001\000\040\000C\000o\000n\000s\000t\000r\000u\000c\000t\000o\000r\000\040\000\046\000\040\000D\000e\000s\000t\000r\000u\000c\000t\000o\000r\000\040\000D\000o\000c\000u\000m\000e\000n\000t\000a\000t\000i\000o\000n}{section.6.5}% 83
\BOOKMARK [3][-]{subsubsection.6.5.1.1}{\376\377\0006\000.\0005\000.\0001\000.\0001\000\040\000T\000e\000a\000m\000\050\000\051\000\040\000[\0001\000/\0007\000]}{subsection.6.5.1}% 84
\BOOKMARK [3][-]{subsubsection.6.5.1.2}{\376\377\0006\000.\0005\000.\0001\000.\0002\000\040\000T\000e\000a\000m\000\050\000\051\000\040\000[\0002\000/\0007\000]}{subsection.6.5.1}% 85
\BOOKMARK [3][-]{subsubsection.6.5.1.3}{\376\377\0006\000.\0005\000.\0001\000.\0003\000\040\000T\000e\000a\000m\000\050\000\051\000\040\000[\0003\000/\0007\000]}{subsection.6.5.1}% 86
\BOOKMARK [3][-]{subsubsection.6.5.1.4}{\376\377\0006\000.\0005\000.\0001\000.\0004\000\040\000T\000e\000a\000m\000\050\000\051\000\040\000[\0004\000/\0007\000]}{subsection.6.5.1}% 87
\BOOKMARK [3][-]{subsubsection.6.5.1.5}{\376\377\0006\000.\0005\000.\0001\000.\0005\000\040\000T\000e\000a\000m\000\050\000\051\000\040\000[\0005\000/\0007\000]}{subsection.6.5.1}% 88
\BOOKMARK [3][-]{subsubsection.6.5.1.6}{\376\377\0006\000.\0005\000.\0001\000.\0006\000\040\000T\000e\000a\000m\000\050\000\051\000\040\000[\0006\000/\0007\000]}{subsection.6.5.1}% 89
\BOOKMARK [3][-]{subsubsection.6.5.1.7}{\376\377\0006\000.\0005\000.\0001\000.\0007\000\040\000T\000e\000a\000m\000\050\000\051\000\040\000[\0007\000/\0007\000]}{subsection.6.5.1}% 90
\BOOKMARK [2][-]{subsection.6.5.2}{\376\377\0006\000.\0005\000.\0002\000\040\000M\000e\000m\000b\000e\000r\000\040\000F\000u\000n\000c\000t\000i\000o\000n\000\040\000D\000o\000c\000u\000m\000e\000n\000t\000a\000t\000i\000o\000n}{section.6.5}% 91
\BOOKMARK [3][-]{subsubsection.6.5.2.1}{\376\377\0006\000.\0005\000.\0002\000.\0001\000\040\000a\000d\000d\000M\000e\000m\000b\000e\000r\000\050\000\051\000\040\000[\0001\000/\0002\000]}{subsection.6.5.2}% 92
\BOOKMARK [3][-]{subsubsection.6.5.2.2}{\376\377\0006\000.\0005\000.\0002\000.\0002\000\040\000a\000d\000d\000M\000e\000m\000b\000e\000r\000\050\000\051\000\040\000[\0002\000/\0002\000]}{subsection.6.5.2}% 93
\BOOKMARK [3][-]{subsubsection.6.5.2.3}{\376\377\0006\000.\0005\000.\0002\000.\0003\000\040\000c\000o\000n\000t\000a\000i\000n\000s\000U\000s\000e\000r\000\050\000\051\000\040\000[\0001\000/\0002\000]}{subsection.6.5.2}% 94
\BOOKMARK [3][-]{subsubsection.6.5.2.4}{\376\377\0006\000.\0005\000.\0002\000.\0004\000\040\000c\000o\000n\000t\000a\000i\000n\000s\000U\000s\000e\000r\000\050\000\051\000\040\000[\0002\000/\0002\000]}{subsection.6.5.2}% 95
\BOOKMARK [3][-]{subsubsection.6.5.2.5}{\376\377\0006\000.\0005\000.\0002\000.\0005\000\040\000g\000e\000t\000I\000d\000\050\000\051}{subsection.6.5.2}% 96
\BOOKMARK [3][-]{subsubsection.6.5.2.6}{\376\377\0006\000.\0005\000.\0002\000.\0006\000\040\000g\000e\000t\000M\000e\000m\000b\000e\000r\000s\000\050\000\051}{subsection.6.5.2}% 97
\BOOKMARK [3][-]{subsubsection.6.5.2.7}{\376\377\0006\000.\0005\000.\0002\000.\0007\000\040\000g\000e\000t\000M\000e\000m\000b\000e\000r\000s\000A\000s\000U\000s\000e\000r\000s\000\050\000\051}{subsection.6.5.2}% 98
\BOOKMARK [3][-]{subsubsection.6.5.2.8}{\376\377\0006\000.\0005\000.\0002\000.\0008\000\040\000g\000e\000t\000N\000a\000m\000e\000\050\000\051}{subsection.6.5.2}% 99
\BOOKMARK [3][-]{subsubsection.6.5.2.9}{\376\377\0006\000.\0005\000.\0002\000.\0009\000\040\000g\000e\000t\000P\000a\000s\000s\000w\000o\000r\000d\000\050\000\051}{subsection.6.5.2}% 100
\BOOKMARK [3][-]{subsubsection.6.5.2.10}{\376\377\0006\000.\0005\000.\0002\000.\0001\0000\000\040\000r\000e\000m\000o\000v\000e\000M\000e\000m\000b\000e\000r\000\050\000\051\000\040\000[\0001\000/\0002\000]}{subsection.6.5.2}% 101
\BOOKMARK [3][-]{subsubsection.6.5.2.11}{\376\377\0006\000.\0005\000.\0002\000.\0001\0001\000\040\000r\000e\000m\000o\000v\000e\000M\000e\000m\000b\000e\000r\000\050\000\051\000\040\000[\0002\000/\0002\000]}{subsection.6.5.2}% 102
\BOOKMARK [3][-]{subsubsection.6.5.2.12}{\376\377\0006\000.\0005\000.\0002\000.\0001\0002\000\040\000s\000e\000t\000I\000d\000\050\000\051}{subsection.6.5.2}% 103
\BOOKMARK [3][-]{subsubsection.6.5.2.13}{\376\377\0006\000.\0005\000.\0002\000.\0001\0003\000\040\000s\000e\000t\000M\000e\000m\000b\000e\000r\000s\000\050\000\051}{subsection.6.5.2}% 104
\BOOKMARK [3][-]{subsubsection.6.5.2.14}{\376\377\0006\000.\0005\000.\0002\000.\0001\0004\000\040\000s\000e\000t\000N\000a\000m\000e\000\050\000\051}{subsection.6.5.2}% 105
\BOOKMARK [3][-]{subsubsection.6.5.2.15}{\376\377\0006\000.\0005\000.\0002\000.\0001\0005\000\040\000s\000e\000t\000P\000a\000s\000s\000w\000o\000r\000d\000\050\000\051\000\040\000[\0001\000/\0002\000]}{subsection.6.5.2}% 106
\BOOKMARK [3][-]{subsubsection.6.5.2.16}{\376\377\0006\000.\0005\000.\0002\000.\0001\0006\000\040\000s\000e\000t\000P\000a\000s\000s\000w\000o\000r\000d\000\050\000\051\000\040\000[\0002\000/\0002\000]}{subsection.6.5.2}% 107
\BOOKMARK [1][-]{section.6.6}{\376\377\0006\000.\0006\000\040\000U\000s\000e\000r\000\040\000C\000l\000a\000s\000s\000\040\000R\000e\000f\000e\000r\000e\000n\000c\000e}{chapter.6}% 108
\BOOKMARK [2][-]{subsection.6.6.1}{\376\377\0006\000.\0006\000.\0001\000\040\000C\000o\000n\000s\000t\000r\000u\000c\000t\000o\000r\000\040\000\046\000\040\000D\000e\000s\000t\000r\000u\000c\000t\000o\000r\000\040\000D\000o\000c\000u\000m\000e\000n\000t\000a\000t\000i\000o\000n}{section.6.6}% 109
\BOOKMARK [3][-]{subsubsection.6.6.1.1}{\376\377\0006\000.\0006\000.\0001\000.\0001\000\040\000U\000s\000e\000r\000\050\000\051\000\040\000[\0001\000/\0001\0000\000]}{subsection.6.6.1}% 110
\BOOKMARK [3][-]{subsubsection.6.6.1.2}{\376\377\0006\000.\0006\000.\0001\000.\0002\000\040\000U\000s\000e\000r\000\050\000\051\000\040\000[\0002\000/\0001\0000\000]}{subsection.6.6.1}% 111
\BOOKMARK [3][-]{subsubsection.6.6.1.3}{\376\377\0006\000.\0006\000.\0001\000.\0003\000\040\000U\000s\000e\000r\000\050\000\051\000\040\000[\0003\000/\0001\0000\000]}{subsection.6.6.1}% 112
\BOOKMARK [3][-]{subsubsection.6.6.1.4}{\376\377\0006\000.\0006\000.\0001\000.\0004\000\040\000U\000s\000e\000r\000\050\000\051\000\040\000[\0004\000/\0001\0000\000]}{subsection.6.6.1}% 113
\BOOKMARK [3][-]{subsubsection.6.6.1.5}{\376\377\0006\000.\0006\000.\0001\000.\0005\000\040\000U\000s\000e\000r\000\050\000\051\000\040\000[\0005\000/\0001\0000\000]}{subsection.6.6.1}% 114
\BOOKMARK [3][-]{subsubsection.6.6.1.6}{\376\377\0006\000.\0006\000.\0001\000.\0006\000\040\000U\000s\000e\000r\000\050\000\051\000\040\000[\0006\000/\0001\0000\000]}{subsection.6.6.1}% 115
\BOOKMARK [3][-]{subsubsection.6.6.1.7}{\376\377\0006\000.\0006\000.\0001\000.\0007\000\040\000U\000s\000e\000r\000\050\000\051\000\040\000[\0007\000/\0001\0000\000]}{subsection.6.6.1}% 116
\BOOKMARK [3][-]{subsubsection.6.6.1.8}{\376\377\0006\000.\0006\000.\0001\000.\0008\000\040\000U\000s\000e\000r\000\050\000\051\000\040\000[\0008\000/\0001\0000\000]}{subsection.6.6.1}% 117
\BOOKMARK [3][-]{subsubsection.6.6.1.9}{\376\377\0006\000.\0006\000.\0001\000.\0009\000\040\000U\000s\000e\000r\000\050\000\051\000\040\000[\0009\000/\0001\0000\000]}{subsection.6.6.1}% 118
\BOOKMARK [3][-]{subsubsection.6.6.1.10}{\376\377\0006\000.\0006\000.\0001\000.\0001\0000\000\040\000U\000s\000e\000r\000\050\000\051\000\040\000[\0001\0000\000/\0001\0000\000]}{subsection.6.6.1}% 119
\BOOKMARK [2][-]{subsection.6.6.2}{\376\377\0006\000.\0006\000.\0002\000\040\000M\000e\000m\000b\000e\000r\000\040\000F\000u\000n\000c\000t\000i\000o\000n\000\040\000D\000o\000c\000u\000m\000e\000n\000t\000a\000t\000i\000o\000n}{section.6.6}% 120
\BOOKMARK [3][-]{subsubsection.6.6.2.1}{\376\377\0006\000.\0006\000.\0002\000.\0001\000\040\000g\000e\000t\000C\000r\000e\000a\000t\000i\000o\000n\000D\000a\000t\000e\000\050\000\051}{subsection.6.6.2}% 121
\BOOKMARK [3][-]{subsubsection.6.6.2.2}{\376\377\0006\000.\0006\000.\0002\000.\0002\000\040\000g\000e\000t\000I\000d\000\050\000\051}{subsection.6.6.2}% 122
\BOOKMARK [3][-]{subsubsection.6.6.2.3}{\376\377\0006\000.\0006\000.\0002\000.\0003\000\040\000g\000e\000t\000P\000a\000s\000s\000w\000o\000r\000d\000\050\000\051}{subsection.6.6.2}% 123
\BOOKMARK [3][-]{subsubsection.6.6.2.4}{\376\377\0006\000.\0006\000.\0002\000.\0004\000\040\000g\000e\000t\000U\000s\000e\000r\000n\000a\000m\000e\000\050\000\051}{subsection.6.6.2}% 124
\BOOKMARK [3][-]{subsubsection.6.6.2.5}{\376\377\0006\000.\0006\000.\0002\000.\0005\000\040\000s\000e\000t\000C\000r\000e\000a\000t\000i\000o\000n\000D\000a\000t\000e\000\050\000\051}{subsection.6.6.2}% 125
\BOOKMARK [3][-]{subsubsection.6.6.2.6}{\376\377\0006\000.\0006\000.\0002\000.\0006\000\040\000s\000e\000t\000I\000d\000\050\000\051}{subsection.6.6.2}% 126
\BOOKMARK [3][-]{subsubsection.6.6.2.7}{\376\377\0006\000.\0006\000.\0002\000.\0007\000\040\000s\000e\000t\000P\000a\000s\000s\000w\000o\000r\000d\000\050\000\051\000\040\000[\0001\000/\0002\000]}{subsection.6.6.2}% 127
\BOOKMARK [3][-]{subsubsection.6.6.2.8}{\376\377\0006\000.\0006\000.\0002\000.\0008\000\040\000s\000e\000t\000P\000a\000s\000s\000w\000o\000r\000d\000\050\000\051\000\040\000[\0002\000/\0002\000]}{subsection.6.6.2}% 128
\BOOKMARK [3][-]{subsubsection.6.6.2.9}{\376\377\0006\000.\0006\000.\0002\000.\0009\000\040\000s\000e\000t\000U\000s\000e\000r\000n\000a\000m\000e\000\050\000\051}{subsection.6.6.2}% 129
\BOOKMARK [0][-]{chapter.7}{\376\377\0007\000\040\000F\000i\000l\000e\000\040\000D\000o\000c\000u\000m\000e\000n\000t\000a\000t\000i\000o\000n}{}% 130
\BOOKMARK [1][-]{section.7.1}{\376\377\0007\000.\0001\000\040\000C\000:\000/\000U\000s\000e\000r\000s\000/\000K\000r\000z\000y\000s\000z\000t\000o\000f\000/\000C\000L\000i\000o\000n\000P\000r\000o\000j\000e\000c\000t\000s\000/\000T\000o\000-\000D\000o\000-\000L\000i\000s\000t\000/\000c\000r\000e\000a\000t\000e\000u\000s\000e\000r\000.\000c\000p\000p\000\040\000F\000i\000l\000e\000\040\000R\000e\000f\000e\000r\000e\000n\000c\000e}{chapter.7}% 131
\BOOKMARK [1][-]{section.7.2}{\376\377\0007\000.\0002\000\040\000C\000:\000/\000U\000s\000e\000r\000s\000/\000K\000r\000z\000y\000s\000z\000t\000o\000f\000/\000C\000L\000i\000o\000n\000P\000r\000o\000j\000e\000c\000t\000s\000/\000T\000o\000-\000D\000o\000-\000L\000i\000s\000t\000/\000c\000r\000e\000a\000t\000e\000u\000s\000e\000r\000.\000h\000\040\000F\000i\000l\000e\000\040\000R\000e\000f\000e\000r\000e\000n\000c\000e}{chapter.7}% 132
\BOOKMARK [1][-]{section.7.3}{\376\377\0007\000.\0003\000\040\000c\000r\000e\000a\000t\000e\000u\000s\000e\000r\000.\000h}{chapter.7}% 133
\BOOKMARK [1][-]{section.7.4}{\376\377\0007\000.\0004\000\040\000C\000:\000/\000U\000s\000e\000r\000s\000/\000K\000r\000z\000y\000s\000z\000t\000o\000f\000/\000C\000L\000i\000o\000n\000P\000r\000o\000j\000e\000c\000t\000s\000/\000T\000o\000-\000D\000o\000-\000L\000i\000s\000t\000/\000m\000a\000i\000n\000.\000c\000p\000p\000\040\000F\000i\000l\000e\000\040\000R\000e\000f\000e\000r\000e\000n\000c\000e}{chapter.7}% 134
\BOOKMARK [2][-]{subsection.7.4.1}{\376\377\0007\000.\0004\000.\0001\000\040\000F\000u\000n\000c\000t\000i\000o\000n\000\040\000D\000o\000c\000u\000m\000e\000n\000t\000a\000t\000i\000o\000n}{section.7.4}% 135
\BOOKMARK [3][-]{subsubsection.7.4.1.1}{\376\377\0007\000.\0004\000.\0001\000.\0001\000\040\000m\000a\000i\000n\000\050\000\051}{subsection.7.4.1}% 136
\BOOKMARK [1][-]{section.7.5}{\376\377\0007\000.\0005\000\040\000C\000:\000/\000U\000s\000e\000r\000s\000/\000K\000r\000z\000y\000s\000z\000t\000o\000f\000/\000C\000L\000i\000o\000n\000P\000r\000o\000j\000e\000c\000t\000s\000/\000T\000o\000-\000D\000o\000-\000L\000i\000s\000t\000/\000m\000a\000i\000n\000t\000a\000s\000k\000s\000.\000c\000p\000p\000\040\000F\000i\000l\000e\000\040\000R\000e\000f\000e\000r\000e\000n\000c\000e}{chapter.7}% 137
\BOOKMARK [1][-]{section.7.6}{\376\377\0007\000.\0006\000\040\000C\000:\000/\000U\000s\000e\000r\000s\000/\000K\000r\000z\000y\000s\000z\000t\000o\000f\000/\000C\000L\000i\000o\000n\000P\000r\000o\000j\000e\000c\000t\000s\000/\000T\000o\000-\000D\000o\000-\000L\000i\000s\000t\000/\000m\000a\000i\000n\000t\000a\000s\000k\000s\000.\000h\000\040\000F\000i\000l\000e\000\040\000R\000e\000f\000e\000r\000e\000n\000c\000e}{chapter.7}% 138
\BOOKMARK [1][-]{section.7.7}{\376\377\0007\000.\0007\000\040\000m\000a\000i\000n\000t\000a\000s\000k\000s\000.\000h}{chapter.7}% 139
\BOOKMARK [1][-]{section.7.8}{\376\377\0007\000.\0008\000\040\000C\000:\000/\000U\000s\000e\000r\000s\000/\000K\000r\000z\000y\000s\000z\000t\000o\000f\000/\000C\000L\000i\000o\000n\000P\000r\000o\000j\000e\000c\000t\000s\000/\000T\000o\000-\000D\000o\000-\000L\000i\000s\000t\000/\000m\000a\000i\000n\000w\000i\000n\000d\000o\000w\000.\000c\000p\000p\000\040\000F\000i\000l\000e\000\040\000R\000e\000f\000e\000r\000e\000n\000c\000e}{chapter.7}% 140
\BOOKMARK [1][-]{section.7.9}{\376\377\0007\000.\0009\000\040\000C\000:\000/\000U\000s\000e\000r\000s\000/\000K\000r\000z\000y\000s\000z\000t\000o\000f\000/\000C\000L\000i\000o\000n\000P\000r\000o\000j\000e\000c\000t\000s\000/\000T\000o\000-\000D\000o\000-\000L\000i\000s\000t\000/\000m\000a\000i\000n\000w\000i\000n\000d\000o\000w\000.\000h\000\040\000F\000i\000l\000e\000\040\000R\000e\000f\000e\000r\000e\000n\000c\000e}{chapter.7}% 141
\BOOKMARK [1][-]{section.7.10}{\376\377\0007\000.\0001\0000\000\040\000m\000a\000i\000n\000w\000i\000n\000d\000o\000w\000.\000h}{chapter.7}% 142
\BOOKMARK [1][-]{section.7.11}{\376\377\0007\000.\0001\0001\000\040\000C\000:\000/\000U\000s\000e\000r\000s\000/\000K\000r\000z\000y\000s\000z\000t\000o\000f\000/\000C\000L\000i\000o\000n\000P\000r\000o\000j\000e\000c\000t\000s\000/\000T\000o\000-\000D\000o\000-\000L\000i\000s\000t\000/\000t\000a\000s\000k\000.\000c\000p\000p\000\040\000F\000i\000l\000e\000\040\000R\000e\000f\000e\000r\000e\000n\000c\000e}{chapter.7}% 143
\BOOKMARK [1][-]{section.7.12}{\376\377\0007\000.\0001\0002\000\040\000C\000:\000/\000U\000s\000e\000r\000s\000/\000K\000r\000z\000y\000s\000z\000t\000o\000f\000/\000C\000L\000i\000o\000n\000P\000r\000o\000j\000e\000c\000t\000s\000/\000T\000o\000-\000D\000o\000-\000L\000i\000s\000t\000/\000t\000a\000s\000k\000.\000h\000\040\000F\000i\000l\000e\000\040\000R\000e\000f\000e\000r\000e\000n\000c\000e}{chapter.7}% 144
\BOOKMARK [1][-]{section.7.13}{\376\377\0007\000.\0001\0003\000\040\000t\000a\000s\000k\000.\000h}{chapter.7}% 145
\BOOKMARK [1][-]{section.7.14}{\376\377\0007\000.\0001\0004\000\040\000C\000:\000/\000U\000s\000e\000r\000s\000/\000K\000r\000z\000y\000s\000z\000t\000o\000f\000/\000C\000L\000i\000o\000n\000P\000r\000o\000j\000e\000c\000t\000s\000/\000T\000o\000-\000D\000o\000-\000L\000i\000s\000t\000/\000t\000a\000s\000k\000m\000a\000n\000a\000g\000e\000r\000.\000c\000p\000p\000\040\000F\000i\000l\000e\000\040\000R\000e\000f\000e\000r\000e\000n\000c\000e}{chapter.7}% 146
\BOOKMARK [1][-]{section.7.15}{\376\377\0007\000.\0001\0005\000\040\000C\000:\000/\000U\000s\000e\000r\000s\000/\000K\000r\000z\000y\000s\000z\000t\000o\000f\000/\000C\000L\000i\000o\000n\000P\000r\000o\000j\000e\000c\000t\000s\000/\000T\000o\000-\000D\000o\000-\000L\000i\000s\000t\000/\000t\000a\000s\000k\000m\000a\000n\000a\000g\000e\000r\000.\000h\000\040\000F\000i\000l\000e\000\040\000R\000e\000f\000e\000r\000e\000n\000c\000e}{chapter.7}% 147
\BOOKMARK [1][-]{section.7.16}{\376\377\0007\000.\0001\0006\000\040\000t\000a\000s\000k\000m\000a\000n\000a\000g\000e\000r\000.\000h}{chapter.7}% 148
\BOOKMARK [1][-]{section.7.17}{\376\377\0007\000.\0001\0007\000\040\000C\000:\000/\000U\000s\000e\000r\000s\000/\000K\000r\000z\000y\000s\000z\000t\000o\000f\000/\000C\000L\000i\000o\000n\000P\000r\000o\000j\000e\000c\000t\000s\000/\000T\000o\000-\000D\000o\000-\000L\000i\000s\000t\000/\000t\000a\000s\000k\000s\000t\000a\000t\000u\000s\000.\000c\000p\000p\000\040\000F\000i\000l\000e\000\040\000R\000e\000f\000e\000r\000e\000n\000c\000e}{chapter.7}% 149
\BOOKMARK [2][-]{subsection.7.17.1}{\376\377\0007\000.\0001\0007\000.\0001\000\040\000F\000u\000n\000c\000t\000i\000o\000n\000\040\000D\000o\000c\000u\000m\000e\000n\000t\000a\000t\000i\000o\000n}{section.7.17}% 150
\BOOKMARK [3][-]{subsubsection.7.17.1.1}{\376\377\0007\000.\0001\0007\000.\0001\000.\0001\000\040\000g\000e\000t\000T\000a\000s\000k\000S\000t\000a\000t\000u\000s\000\050\000\051}{subsection.7.17.1}% 151
\BOOKMARK [3][-]{subsubsection.7.17.1.2}{\376\377\0007\000.\0001\0007\000.\0001\000.\0002\000\040\000g\000e\000t\000T\000a\000s\000k\000S\000t\000a\000t\000u\000s\000I\000n\000t\000\050\000\051}{subsection.7.17.1}% 152
\BOOKMARK [1][-]{section.7.18}{\376\377\0007\000.\0001\0008\000\040\000C\000:\000/\000U\000s\000e\000r\000s\000/\000K\000r\000z\000y\000s\000z\000t\000o\000f\000/\000C\000L\000i\000o\000n\000P\000r\000o\000j\000e\000c\000t\000s\000/\000T\000o\000-\000D\000o\000-\000L\000i\000s\000t\000/\000t\000a\000s\000k\000s\000t\000a\000t\000u\000s\000.\000h\000\040\000F\000i\000l\000e\000\040\000R\000e\000f\000e\000r\000e\000n\000c\000e}{chapter.7}% 153
\BOOKMARK [2][-]{subsection.7.18.1}{\376\377\0007\000.\0001\0008\000.\0001\000\040\000E\000n\000u\000m\000e\000r\000a\000t\000i\000o\000n\000\040\000T\000y\000p\000e\000\040\000D\000o\000c\000u\000m\000e\000n\000t\000a\000t\000i\000o\000n}{section.7.18}% 154
\BOOKMARK [3][-]{subsubsection.7.18.1.1}{\376\377\0007\000.\0001\0008\000.\0001\000.\0001\000\040\000T\000a\000s\000k\000S\000t\000a\000t\000u\000s}{subsection.7.18.1}% 155
\BOOKMARK [2][-]{subsection.7.18.2}{\376\377\0007\000.\0001\0008\000.\0002\000\040\000F\000u\000n\000c\000t\000i\000o\000n\000\040\000D\000o\000c\000u\000m\000e\000n\000t\000a\000t\000i\000o\000n}{section.7.18}% 156
\BOOKMARK [3][-]{subsubsection.7.18.2.1}{\376\377\0007\000.\0001\0008\000.\0002\000.\0001\000\040\000g\000e\000t\000T\000a\000s\000k\000S\000t\000a\000t\000u\000s\000\050\000\051}{subsection.7.18.2}% 157
\BOOKMARK [3][-]{subsubsection.7.18.2.2}{\376\377\0007\000.\0001\0008\000.\0002\000.\0002\000\040\000g\000e\000t\000T\000a\000s\000k\000S\000t\000a\000t\000u\000s\000I\000n\000t\000\050\000\051}{subsection.7.18.2}% 158
\BOOKMARK [1][-]{section.7.19}{\376\377\0007\000.\0001\0009\000\040\000t\000a\000s\000k\000s\000t\000a\000t\000u\000s\000.\000h}{chapter.7}% 159
\BOOKMARK [1][-]{section.7.20}{\376\377\0007\000.\0002\0000\000\040\000C\000:\000/\000U\000s\000e\000r\000s\000/\000K\000r\000z\000y\000s\000z\000t\000o\000f\000/\000C\000L\000i\000o\000n\000P\000r\000o\000j\000e\000c\000t\000s\000/\000T\000o\000-\000D\000o\000-\000L\000i\000s\000t\000/\000t\000e\000a\000m\000.\000c\000p\000p\000\040\000F\000i\000l\000e\000\040\000R\000e\000f\000e\000r\000e\000n\000c\000e}{chapter.7}% 160
\BOOKMARK [1][-]{section.7.21}{\376\377\0007\000.\0002\0001\000\040\000C\000:\000/\000U\000s\000e\000r\000s\000/\000K\000r\000z\000y\000s\000z\000t\000o\000f\000/\000C\000L\000i\000o\000n\000P\000r\000o\000j\000e\000c\000t\000s\000/\000T\000o\000-\000D\000o\000-\000L\000i\000s\000t\000/\000t\000e\000a\000m\000.\000h\000\040\000F\000i\000l\000e\000\040\000R\000e\000f\000e\000r\000e\000n\000c\000e}{chapter.7}% 161
\BOOKMARK [1][-]{section.7.22}{\376\377\0007\000.\0002\0002\000\040\000t\000e\000a\000m\000.\000h}{chapter.7}% 162
\BOOKMARK [1][-]{section.7.23}{\376\377\0007\000.\0002\0003\000\040\000C\000:\000/\000U\000s\000e\000r\000s\000/\000K\000r\000z\000y\000s\000z\000t\000o\000f\000/\000C\000L\000i\000o\000n\000P\000r\000o\000j\000e\000c\000t\000s\000/\000T\000o\000-\000D\000o\000-\000L\000i\000s\000t\000/\000t\000e\000a\000m\000m\000a\000n\000a\000g\000e\000r\000.\000c\000p\000p\000\040\000F\000i\000l\000e\000\040\000R\000e\000f\000e\000r\000e\000n\000c\000e}{chapter.7}% 163
\BOOKMARK [1][-]{section.7.24}{\376\377\0007\000.\0002\0004\000\040\000C\000:\000/\000U\000s\000e\000r\000s\000/\000K\000r\000z\000y\000s\000z\000t\000o\000f\000/\000C\000L\000i\000o\000n\000P\000r\000o\000j\000e\000c\000t\000s\000/\000T\000o\000-\000D\000o\000-\000L\000i\000s\000t\000/\000t\000e\000a\000m\000m\000a\000n\000a\000g\000e\000r\000.\000h\000\040\000F\000i\000l\000e\000\040\000R\000e\000f\000e\000r\000e\000n\000c\000e}{chapter.7}% 164
\BOOKMARK [1][-]{section.7.25}{\376\377\0007\000.\0002\0005\000\040\000t\000e\000a\000m\000m\000a\000n\000a\000g\000e\000r\000.\000h}{chapter.7}% 165
\BOOKMARK [1][-]{section.7.26}{\376\377\0007\000.\0002\0006\000\040\000C\000:\000/\000U\000s\000e\000r\000s\000/\000K\000r\000z\000y\000s\000z\000t\000o\000f\000/\000C\000L\000i\000o\000n\000P\000r\000o\000j\000e\000c\000t\000s\000/\000T\000o\000-\000D\000o\000-\000L\000i\000s\000t\000/\000u\000s\000e\000r\000.\000c\000p\000p\000\040\000F\000i\000l\000e\000\040\000R\000e\000f\000e\000r\000e\000n\000c\000e}{chapter.7}% 166
\BOOKMARK [1][-]{section.7.27}{\376\377\0007\000.\0002\0007\000\040\000C\000:\000/\000U\000s\000e\000r\000s\000/\000K\000r\000z\000y\000s\000z\000t\000o\000f\000/\000C\000L\000i\000o\000n\000P\000r\000o\000j\000e\000c\000t\000s\000/\000T\000o\000-\000D\000o\000-\000L\000i\000s\000t\000/\000u\000s\000e\000r\000.\000h\000\040\000F\000i\000l\000e\000\040\000R\000e\000f\000e\000r\000e\000n\000c\000e}{chapter.7}% 167
\BOOKMARK [1][-]{section.7.28}{\376\377\0007\000.\0002\0008\000\040\000u\000s\000e\000r\000.\000h}{chapter.7}% 168
\BOOKMARK [1][-]{section.7.29}{\376\377\0007\000.\0002\0009\000\040\000C\000:\000/\000U\000s\000e\000r\000s\000/\000K\000r\000z\000y\000s\000z\000t\000o\000f\000/\000C\000L\000i\000o\000n\000P\000r\000o\000j\000e\000c\000t\000s\000/\000T\000o\000-\000D\000o\000-\000L\000i\000s\000t\000/\000u\000s\000e\000r\000m\000a\000n\000a\000g\000e\000r\000.\000c\000p\000p\000\040\000F\000i\000l\000e\000\040\000R\000e\000f\000e\000r\000e\000n\000c\000e}{chapter.7}% 169
\BOOKMARK [1][-]{section.7.30}{\376\377\0007\000.\0003\0000\000\040\000C\000:\000/\000U\000s\000e\000r\000s\000/\000K\000r\000z\000y\000s\000z\000t\000o\000f\000/\000C\000L\000i\000o\000n\000P\000r\000o\000j\000e\000c\000t\000s\000/\000T\000o\000-\000D\000o\000-\000L\000i\000s\000t\000/\000u\000s\000e\000r\000m\000a\000n\000a\000g\000e\000r\000.\000h\000\040\000F\000i\000l\000e\000\040\000R\000e\000f\000e\000r\000e\000n\000c\000e}{chapter.7}% 170
\BOOKMARK [1][-]{section.7.31}{\376\377\0007\000.\0003\0001\000\040\000u\000s\000e\000r\000m\000a\000n\000a\000g\000e\000r\000.\000h}{chapter.7}% 171
